2014/03/26 14:19:34 [error] [exception.CHttpException.404] exception 'CHttpException' with message 'Unable to resolve the request "r=gii".' in C:\server\Apache2_2\htdocs\qdsTeam\framework\web\CWebApplication.php:286
Stack trace:
#0 C:\server\Apache2_2\htdocs\qdsTeam\framework\web\CWebApplication.php(141): CWebApplication->runController('r=gii')
#1 C:\server\Apache2_2\htdocs\qdsTeam\framework\base\CApplication.php(180): CWebApplication->processRequest()
#2 C:\server\Apache2_2\htdocs\qdsTeam\index.php(13): CApplication->run()
#3 {main}
REQUEST_URI=/qdsTeam/index.php/r=gii
---
2014/03/26 14:19:48 [error] [exception.CHttpException.404] exception 'CHttpException' with message 'Unable to resolve the request "r/gii".' in C:\server\Apache2_2\htdocs\qdsTeam\framework\web\CWebApplication.php:286
Stack trace:
#0 C:\server\Apache2_2\htdocs\qdsTeam\framework\web\CWebApplication.php(141): CWebApplication->runController('r/gii')
#1 C:\server\Apache2_2\htdocs\qdsTeam\framework\base\CApplication.php(180): CWebApplication->processRequest()
#2 C:\server\Apache2_2\htdocs\qdsTeam\index.php(13): CApplication->run()
#3 {main}
REQUEST_URI=/qdsTeam/index.php/r/gii
---
2014/03/26 14:21:02 [error] [exception.CHttpException.404] exception 'CHttpException' with message 'Unable to resolve the request "r=gii".' in C:\server\Apache2_2\htdocs\qdsTeam\framework\web\CWebApplication.php:286
Stack trace:
#0 C:\server\Apache2_2\htdocs\qdsTeam\framework\web\CWebApplication.php(141): CWebApplication->runController('r=gii')
#1 C:\server\Apache2_2\htdocs\qdsTeam\framework\base\CApplication.php(180): CWebApplication->processRequest()
#2 C:\server\Apache2_2\htdocs\qdsTeam\index.php(13): CApplication->run()
#3 {main}
REQUEST_URI=/qdsTeam/index.php/r=gii
---
2014/03/26 14:23:04 [error] [exception.CHttpException.404] exception 'CHttpException' with message 'Unable to resolve the request "r=gii".' in C:\server\Apache2_2\htdocs\qdsTeam\framework\web\CWebApplication.php:286
Stack trace:
#0 C:\server\Apache2_2\htdocs\qdsTeam\framework\web\CWebApplication.php(141): CWebApplication->runController('r=gii')
#1 C:\server\Apache2_2\htdocs\qdsTeam\framework\base\CApplication.php(180): CWebApplication->processRequest()
#2 C:\server\Apache2_2\htdocs\qdsTeam\index.php(13): CApplication->run()
#3 {main}
REQUEST_URI=/qdsTeam/index.php/r=gii
---
2014/03/26 14:24:05 [error] [exception.CDbException] exception 'CDbException' with message 'CDbConnection failed to open the DB connection: could not find driver' in C:\server\Apache2_2\htdocs\qdsTeam\framework\db\CDbConnection.php:382
Stack trace:
#0 C:\server\Apache2_2\htdocs\qdsTeam\framework\db\CDbConnection.php(330): CDbConnection->open()
#1 C:\server\Apache2_2\htdocs\qdsTeam\framework\db\CDbConnection.php(308): CDbConnection->setActive(true)
#2 C:\server\Apache2_2\htdocs\qdsTeam\framework\base\CModule.php(387): CDbConnection->init()
#3 C:\server\Apache2_2\htdocs\qdsTeam\framework\base\CModule.php(103): CModule->getComponent('db')
#4 C:\server\Apache2_2\htdocs\qdsTeam\framework\gii\generators\model\ModelCode.php(60): CModule->__get('db')
#5 C:\server\Apache2_2\htdocs\qdsTeam\framework\web\CFormModel.php(39): ModelCode->init()
#6 C:\server\Apache2_2\htdocs\qdsTeam\framework\gii\CCodeGenerator.php(153): CFormModel->__construct()
#7 C:\server\Apache2_2\htdocs\qdsTeam\framework\gii\CCodeGenerator.php(63): CCodeGenerator->prepare()
#8 C:\server\Apache2_2\htdocs\qdsTeam\framework\web\actions\CInlineAction.php(49): CCodeGenerator->actionIndex()
#9 C:\server\Apache2_2\htdocs\qdsTeam\framework\web\CController.php(308): CInlineAction->runWithParams(Array)
#10 C:\server\Apache2_2\htdocs\qdsTeam\framework\web\CController.php(286): CController->runAction(Object(CInlineAction))
#11 C:\server\Apache2_2\htdocs\qdsTeam\framework\web\CController.php(265): CController->runActionWithFilters(Object(CInlineAction), Array)
#12 C:\server\Apache2_2\htdocs\qdsTeam\framework\web\CWebApplication.php(282): CController->run('index')
#13 C:\server\Apache2_2\htdocs\qdsTeam\framework\web\CWebApplication.php(141): CWebApplication->runController('gii/model/index')
#14 C:\server\Apache2_2\htdocs\qdsTeam\framework\base\CApplication.php(180): CWebApplication->processRequest()
#15 C:\server\Apache2_2\htdocs\qdsTeam\index.php(13): CApplication->run()
#16 {main}
REQUEST_URI=/qdsTeam/index.php/gii/model/index
HTTP_REFERER=http://localhost/qdsTeam/index.php/gii/default/index
---
2014/03/26 14:25:22 [error] [exception.CDbException] exception 'CDbException' with message 'CDbConnection failed to open the DB connection: could not find driver' in C:\server\Apache2_2\htdocs\qdsTeam\framework\db\CDbConnection.php:382
Stack trace:
#0 C:\server\Apache2_2\htdocs\qdsTeam\framework\db\CDbConnection.php(330): CDbConnection->open()
#1 C:\server\Apache2_2\htdocs\qdsTeam\framework\db\CDbConnection.php(308): CDbConnection->setActive(true)
#2 C:\server\Apache2_2\htdocs\qdsTeam\framework\base\CModule.php(387): CDbConnection->init()
#3 C:\server\Apache2_2\htdocs\qdsTeam\framework\base\CModule.php(103): CModule->getComponent('db')
#4 C:\server\Apache2_2\htdocs\qdsTeam\framework\gii\generators\model\ModelCode.php(60): CModule->__get('db')
#5 C:\server\Apache2_2\htdocs\qdsTeam\framework\web\CFormModel.php(39): ModelCode->init()
#6 C:\server\Apache2_2\htdocs\qdsTeam\framework\gii\CCodeGenerator.php(153): CFormModel->__construct()
#7 C:\server\Apache2_2\htdocs\qdsTeam\framework\gii\CCodeGenerator.php(63): CCodeGenerator->prepare()
#8 C:\server\Apache2_2\htdocs\qdsTeam\framework\web\actions\CInlineAction.php(49): CCodeGenerator->actionIndex()
#9 C:\server\Apache2_2\htdocs\qdsTeam\framework\web\CController.php(308): CInlineAction->runWithParams(Array)
#10 C:\server\Apache2_2\htdocs\qdsTeam\framework\web\CController.php(286): CController->runAction(Object(CInlineAction))
#11 C:\server\Apache2_2\htdocs\qdsTeam\framework\web\CController.php(265): CController->runActionWithFilters(Object(CInlineAction), Array)
#12 C:\server\Apache2_2\htdocs\qdsTeam\framework\web\CWebApplication.php(282): CController->run('index')
#13 C:\server\Apache2_2\htdocs\qdsTeam\framework\web\CWebApplication.php(141): CWebApplication->runController('gii/model/index')
#14 C:\server\Apache2_2\htdocs\qdsTeam\framework\base\CApplication.php(180): CWebApplication->processRequest()
#15 C:\server\Apache2_2\htdocs\qdsTeam\index.php(13): CApplication->run()
#16 {main}
REQUEST_URI=/qdsTeam/index.php/gii/model/index
HTTP_REFERER=http://localhost/qdsTeam/index.php/gii/default/index
---
2014/03/26 14:26:19 [error] [exception.CDbException] exception 'CDbException' with message 'CDbConnection failed to open the DB connection: could not find driver' in C:\server\Apache2_2\htdocs\qdsTeam\framework\db\CDbConnection.php:382
Stack trace:
#0 C:\server\Apache2_2\htdocs\qdsTeam\framework\db\CDbConnection.php(330): CDbConnection->open()
#1 C:\server\Apache2_2\htdocs\qdsTeam\framework\db\CDbConnection.php(308): CDbConnection->setActive(true)
#2 C:\server\Apache2_2\htdocs\qdsTeam\framework\base\CModule.php(387): CDbConnection->init()
#3 C:\server\Apache2_2\htdocs\qdsTeam\framework\base\CModule.php(103): CModule->getComponent('db')
#4 C:\server\Apache2_2\htdocs\qdsTeam\framework\gii\generators\model\ModelCode.php(60): CModule->__get('db')
#5 C:\server\Apache2_2\htdocs\qdsTeam\framework\web\CFormModel.php(39): ModelCode->init()
#6 C:\server\Apache2_2\htdocs\qdsTeam\framework\gii\CCodeGenerator.php(153): CFormModel->__construct()
#7 C:\server\Apache2_2\htdocs\qdsTeam\framework\gii\CCodeGenerator.php(63): CCodeGenerator->prepare()
#8 C:\server\Apache2_2\htdocs\qdsTeam\framework\web\actions\CInlineAction.php(49): CCodeGenerator->actionIndex()
#9 C:\server\Apache2_2\htdocs\qdsTeam\framework\web\CController.php(308): CInlineAction->runWithParams(Array)
#10 C:\server\Apache2_2\htdocs\qdsTeam\framework\web\CController.php(286): CController->runAction(Object(CInlineAction))
#11 C:\server\Apache2_2\htdocs\qdsTeam\framework\web\CController.php(265): CController->runActionWithFilters(Object(CInlineAction), Array)
#12 C:\server\Apache2_2\htdocs\qdsTeam\framework\web\CWebApplication.php(282): CController->run('index')
#13 C:\server\Apache2_2\htdocs\qdsTeam\framework\web\CWebApplication.php(141): CWebApplication->runController('gii/model/index')
#14 C:\server\Apache2_2\htdocs\qdsTeam\framework\base\CApplication.php(180): CWebApplication->processRequest()
#15 C:\server\Apache2_2\htdocs\qdsTeam\index.php(13): CApplication->run()
#16 {main}
REQUEST_URI=/qdsTeam/index.php/gii/model/index
HTTP_REFERER=http://localhost/qdsTeam/index.php/gii/module/index
---
2014/03/26 14:30:54 [error] [exception.CDbException] exception 'CDbException' with message 'CDbConnection failed to open the DB connection: could not find driver' in C:\server\Apache2_2\htdocs\qdsTeam\framework\db\CDbConnection.php:382
Stack trace:
#0 C:\server\Apache2_2\htdocs\qdsTeam\framework\db\CDbConnection.php(330): CDbConnection->open()
#1 C:\server\Apache2_2\htdocs\qdsTeam\framework\db\CDbConnection.php(308): CDbConnection->setActive(true)
#2 C:\server\Apache2_2\htdocs\qdsTeam\framework\base\CModule.php(387): CDbConnection->init()
#3 C:\server\Apache2_2\htdocs\qdsTeam\framework\base\CModule.php(103): CModule->getComponent('db')
#4 C:\server\Apache2_2\htdocs\qdsTeam\framework\gii\generators\model\ModelCode.php(60): CModule->__get('db')
#5 C:\server\Apache2_2\htdocs\qdsTeam\framework\web\CFormModel.php(39): ModelCode->init()
#6 C:\server\Apache2_2\htdocs\qdsTeam\framework\gii\CCodeGenerator.php(153): CFormModel->__construct()
#7 C:\server\Apache2_2\htdocs\qdsTeam\framework\gii\CCodeGenerator.php(63): CCodeGenerator->prepare()
#8 C:\server\Apache2_2\htdocs\qdsTeam\framework\web\actions\CInlineAction.php(49): CCodeGenerator->actionIndex()
#9 C:\server\Apache2_2\htdocs\qdsTeam\framework\web\CController.php(308): CInlineAction->runWithParams(Array)
#10 C:\server\Apache2_2\htdocs\qdsTeam\framework\web\CController.php(286): CController->runAction(Object(CInlineAction))
#11 C:\server\Apache2_2\htdocs\qdsTeam\framework\web\CController.php(265): CController->runActionWithFilters(Object(CInlineAction), Array)
#12 C:\server\Apache2_2\htdocs\qdsTeam\framework\web\CWebApplication.php(282): CController->run('index')
#13 C:\server\Apache2_2\htdocs\qdsTeam\framework\web\CWebApplication.php(141): CWebApplication->runController('gii/model/index')
#14 C:\server\Apache2_2\htdocs\qdsTeam\framework\base\CApplication.php(180): CWebApplication->processRequest()
#15 C:\server\Apache2_2\htdocs\qdsTeam\index.php(13): CApplication->run()
#16 {main}
REQUEST_URI=/qdsTeam/index.php/gii/model/index
HTTP_REFERER=http://localhost/qdsTeam/index.php/gii/module/index
---
2014/03/26 14:30:56 [error] [exception.CDbException] exception 'CDbException' with message 'CDbConnection failed to open the DB connection: could not find driver' in C:\server\Apache2_2\htdocs\qdsTeam\framework\db\CDbConnection.php:382
Stack trace:
#0 C:\server\Apache2_2\htdocs\qdsTeam\framework\db\CDbConnection.php(330): CDbConnection->open()
#1 C:\server\Apache2_2\htdocs\qdsTeam\framework\db\CDbConnection.php(308): CDbConnection->setActive(true)
#2 C:\server\Apache2_2\htdocs\qdsTeam\framework\base\CModule.php(387): CDbConnection->init()
#3 C:\server\Apache2_2\htdocs\qdsTeam\framework\base\CModule.php(103): CModule->getComponent('db')
#4 C:\server\Apache2_2\htdocs\qdsTeam\framework\gii\generators\model\ModelCode.php(60): CModule->__get('db')
#5 C:\server\Apache2_2\htdocs\qdsTeam\framework\web\CFormModel.php(39): ModelCode->init()
#6 C:\server\Apache2_2\htdocs\qdsTeam\framework\gii\CCodeGenerator.php(153): CFormModel->__construct()
#7 C:\server\Apache2_2\htdocs\qdsTeam\framework\gii\CCodeGenerator.php(63): CCodeGenerator->prepare()
#8 C:\server\Apache2_2\htdocs\qdsTeam\framework\web\actions\CInlineAction.php(49): CCodeGenerator->actionIndex()
#9 C:\server\Apache2_2\htdocs\qdsTeam\framework\web\CController.php(308): CInlineAction->runWithParams(Array)
#10 C:\server\Apache2_2\htdocs\qdsTeam\framework\web\CController.php(286): CController->runAction(Object(CInlineAction))
#11 C:\server\Apache2_2\htdocs\qdsTeam\framework\web\CController.php(265): CController->runActionWithFilters(Object(CInlineAction), Array)
#12 C:\server\Apache2_2\htdocs\qdsTeam\framework\web\CWebApplication.php(282): CController->run('index')
#13 C:\server\Apache2_2\htdocs\qdsTeam\framework\web\CWebApplication.php(141): CWebApplication->runController('gii/model/index')
#14 C:\server\Apache2_2\htdocs\qdsTeam\framework\base\CApplication.php(180): CWebApplication->processRequest()
#15 C:\server\Apache2_2\htdocs\qdsTeam\index.php(13): CApplication->run()
#16 {main}
REQUEST_URI=/qdsTeam/index.php/gii/model/index
HTTP_REFERER=http://localhost/qdsTeam/index.php/gii/module/index
---
2014/03/26 14:30:57 [error] [exception.CDbException] exception 'CDbException' with message 'CDbConnection failed to open the DB connection: could not find driver' in C:\server\Apache2_2\htdocs\qdsTeam\framework\db\CDbConnection.php:382
Stack trace:
#0 C:\server\Apache2_2\htdocs\qdsTeam\framework\db\CDbConnection.php(330): CDbConnection->open()
#1 C:\server\Apache2_2\htdocs\qdsTeam\framework\db\CDbConnection.php(308): CDbConnection->setActive(true)
#2 C:\server\Apache2_2\htdocs\qdsTeam\framework\base\CModule.php(387): CDbConnection->init()
#3 C:\server\Apache2_2\htdocs\qdsTeam\framework\base\CModule.php(103): CModule->getComponent('db')
#4 C:\server\Apache2_2\htdocs\qdsTeam\framework\gii\generators\model\ModelCode.php(60): CModule->__get('db')
#5 C:\server\Apache2_2\htdocs\qdsTeam\framework\web\CFormModel.php(39): ModelCode->init()
#6 C:\server\Apache2_2\htdocs\qdsTeam\framework\gii\CCodeGenerator.php(153): CFormModel->__construct()
#7 C:\server\Apache2_2\htdocs\qdsTeam\framework\gii\CCodeGenerator.php(63): CCodeGenerator->prepare()
#8 C:\server\Apache2_2\htdocs\qdsTeam\framework\web\actions\CInlineAction.php(49): CCodeGenerator->actionIndex()
#9 C:\server\Apache2_2\htdocs\qdsTeam\framework\web\CController.php(308): CInlineAction->runWithParams(Array)
#10 C:\server\Apache2_2\htdocs\qdsTeam\framework\web\CController.php(286): CController->runAction(Object(CInlineAction))
#11 C:\server\Apache2_2\htdocs\qdsTeam\framework\web\CController.php(265): CController->runActionWithFilters(Object(CInlineAction), Array)
#12 C:\server\Apache2_2\htdocs\qdsTeam\framework\web\CWebApplication.php(282): CController->run('index')
#13 C:\server\Apache2_2\htdocs\qdsTeam\framework\web\CWebApplication.php(141): CWebApplication->runController('gii/model/index')
#14 C:\server\Apache2_2\htdocs\qdsTeam\framework\base\CApplication.php(180): CWebApplication->processRequest()
#15 C:\server\Apache2_2\htdocs\qdsTeam\index.php(13): CApplication->run()
#16 {main}
REQUEST_URI=/qdsTeam/index.php/gii/model/index
HTTP_REFERER=http://localhost/qdsTeam/index.php/gii/module/index
---
2014/03/26 14:30:57 [error] [exception.CDbException] exception 'CDbException' with message 'CDbConnection failed to open the DB connection: could not find driver' in C:\server\Apache2_2\htdocs\qdsTeam\framework\db\CDbConnection.php:382
Stack trace:
#0 C:\server\Apache2_2\htdocs\qdsTeam\framework\db\CDbConnection.php(330): CDbConnection->open()
#1 C:\server\Apache2_2\htdocs\qdsTeam\framework\db\CDbConnection.php(308): CDbConnection->setActive(true)
#2 C:\server\Apache2_2\htdocs\qdsTeam\framework\base\CModule.php(387): CDbConnection->init()
#3 C:\server\Apache2_2\htdocs\qdsTeam\framework\base\CModule.php(103): CModule->getComponent('db')
#4 C:\server\Apache2_2\htdocs\qdsTeam\framework\gii\generators\model\ModelCode.php(60): CModule->__get('db')
#5 C:\server\Apache2_2\htdocs\qdsTeam\framework\web\CFormModel.php(39): ModelCode->init()
#6 C:\server\Apache2_2\htdocs\qdsTeam\framework\gii\CCodeGenerator.php(153): CFormModel->__construct()
#7 C:\server\Apache2_2\htdocs\qdsTeam\framework\gii\CCodeGenerator.php(63): CCodeGenerator->prepare()
#8 C:\server\Apache2_2\htdocs\qdsTeam\framework\web\actions\CInlineAction.php(49): CCodeGenerator->actionIndex()
#9 C:\server\Apache2_2\htdocs\qdsTeam\framework\web\CController.php(308): CInlineAction->runWithParams(Array)
#10 C:\server\Apache2_2\htdocs\qdsTeam\framework\web\CController.php(286): CController->runAction(Object(CInlineAction))
#11 C:\server\Apache2_2\htdocs\qdsTeam\framework\web\CController.php(265): CController->runActionWithFilters(Object(CInlineAction), Array)
#12 C:\server\Apache2_2\htdocs\qdsTeam\framework\web\CWebApplication.php(282): CController->run('index')
#13 C:\server\Apache2_2\htdocs\qdsTeam\framework\web\CWebApplication.php(141): CWebApplication->runController('gii/model/index')
#14 C:\server\Apache2_2\htdocs\qdsTeam\framework\base\CApplication.php(180): CWebApplication->processRequest()
#15 C:\server\Apache2_2\htdocs\qdsTeam\index.php(13): CApplication->run()
#16 {main}
REQUEST_URI=/qdsTeam/index.php/gii/model/index
HTTP_REFERER=http://localhost/qdsTeam/index.php/gii/module/index
---
2014/03/26 14:30:57 [error] [exception.CDbException] exception 'CDbException' with message 'CDbConnection failed to open the DB connection: could not find driver' in C:\server\Apache2_2\htdocs\qdsTeam\framework\db\CDbConnection.php:382
Stack trace:
#0 C:\server\Apache2_2\htdocs\qdsTeam\framework\db\CDbConnection.php(330): CDbConnection->open()
#1 C:\server\Apache2_2\htdocs\qdsTeam\framework\db\CDbConnection.php(308): CDbConnection->setActive(true)
#2 C:\server\Apache2_2\htdocs\qdsTeam\framework\base\CModule.php(387): CDbConnection->init()
#3 C:\server\Apache2_2\htdocs\qdsTeam\framework\base\CModule.php(103): CModule->getComponent('db')
#4 C:\server\Apache2_2\htdocs\qdsTeam\framework\gii\generators\model\ModelCode.php(60): CModule->__get('db')
#5 C:\server\Apache2_2\htdocs\qdsTeam\framework\web\CFormModel.php(39): ModelCode->init()
#6 C:\server\Apache2_2\htdocs\qdsTeam\framework\gii\CCodeGenerator.php(153): CFormModel->__construct()
#7 C:\server\Apache2_2\htdocs\qdsTeam\framework\gii\CCodeGenerator.php(63): CCodeGenerator->prepare()
#8 C:\server\Apache2_2\htdocs\qdsTeam\framework\web\actions\CInlineAction.php(49): CCodeGenerator->actionIndex()
#9 C:\server\Apache2_2\htdocs\qdsTeam\framework\web\CController.php(308): CInlineAction->runWithParams(Array)
#10 C:\server\Apache2_2\htdocs\qdsTeam\framework\web\CController.php(286): CController->runAction(Object(CInlineAction))
#11 C:\server\Apache2_2\htdocs\qdsTeam\framework\web\CController.php(265): CController->runActionWithFilters(Object(CInlineAction), Array)
#12 C:\server\Apache2_2\htdocs\qdsTeam\framework\web\CWebApplication.php(282): CController->run('index')
#13 C:\server\Apache2_2\htdocs\qdsTeam\framework\web\CWebApplication.php(141): CWebApplication->runController('gii/model/index')
#14 C:\server\Apache2_2\htdocs\qdsTeam\framework\base\CApplication.php(180): CWebApplication->processRequest()
#15 C:\server\Apache2_2\htdocs\qdsTeam\index.php(13): CApplication->run()
#16 {main}
REQUEST_URI=/qdsTeam/index.php/gii/model/index
HTTP_REFERER=http://localhost/qdsTeam/index.php/gii/module/index
---
2014/03/26 14:30:57 [error] [exception.CDbException] exception 'CDbException' with message 'CDbConnection failed to open the DB connection: could not find driver' in C:\server\Apache2_2\htdocs\qdsTeam\framework\db\CDbConnection.php:382
Stack trace:
#0 C:\server\Apache2_2\htdocs\qdsTeam\framework\db\CDbConnection.php(330): CDbConnection->open()
#1 C:\server\Apache2_2\htdocs\qdsTeam\framework\db\CDbConnection.php(308): CDbConnection->setActive(true)
#2 C:\server\Apache2_2\htdocs\qdsTeam\framework\base\CModule.php(387): CDbConnection->init()
#3 C:\server\Apache2_2\htdocs\qdsTeam\framework\base\CModule.php(103): CModule->getComponent('db')
#4 C:\server\Apache2_2\htdocs\qdsTeam\framework\gii\generators\model\ModelCode.php(60): CModule->__get('db')
#5 C:\server\Apache2_2\htdocs\qdsTeam\framework\web\CFormModel.php(39): ModelCode->init()
#6 C:\server\Apache2_2\htdocs\qdsTeam\framework\gii\CCodeGenerator.php(153): CFormModel->__construct()
#7 C:\server\Apache2_2\htdocs\qdsTeam\framework\gii\CCodeGenerator.php(63): CCodeGenerator->prepare()
#8 C:\server\Apache2_2\htdocs\qdsTeam\framework\web\actions\CInlineAction.php(49): CCodeGenerator->actionIndex()
#9 C:\server\Apache2_2\htdocs\qdsTeam\framework\web\CController.php(308): CInlineAction->runWithParams(Array)
#10 C:\server\Apache2_2\htdocs\qdsTeam\framework\web\CController.php(286): CController->runAction(Object(CInlineAction))
#11 C:\server\Apache2_2\htdocs\qdsTeam\framework\web\CController.php(265): CController->runActionWithFilters(Object(CInlineAction), Array)
#12 C:\server\Apache2_2\htdocs\qdsTeam\framework\web\CWebApplication.php(282): CController->run('index')
#13 C:\server\Apache2_2\htdocs\qdsTeam\framework\web\CWebApplication.php(141): CWebApplication->runController('gii/model/index')
#14 C:\server\Apache2_2\htdocs\qdsTeam\framework\base\CApplication.php(180): CWebApplication->processRequest()
#15 C:\server\Apache2_2\htdocs\qdsTeam\index.php(13): CApplication->run()
#16 {main}
REQUEST_URI=/qdsTeam/index.php/gii/model/index
HTTP_REFERER=http://localhost/qdsTeam/index.php/gii/module/index
---
2014/03/26 14:31:14 [error] [exception.CDbException] exception 'CDbException' with message 'CDbConnection failed to open the DB connection: could not find driver' in C:\server\Apache2_2\htdocs\qdsTeam\framework\db\CDbConnection.php:382
Stack trace:
#0 C:\server\Apache2_2\htdocs\qdsTeam\framework\db\CDbConnection.php(330): CDbConnection->open()
#1 C:\server\Apache2_2\htdocs\qdsTeam\framework\db\CDbConnection.php(308): CDbConnection->setActive(true)
#2 C:\server\Apache2_2\htdocs\qdsTeam\framework\base\CModule.php(387): CDbConnection->init()
#3 C:\server\Apache2_2\htdocs\qdsTeam\framework\base\CModule.php(103): CModule->getComponent('db')
#4 C:\server\Apache2_2\htdocs\qdsTeam\framework\gii\generators\model\ModelCode.php(60): CModule->__get('db')
#5 C:\server\Apache2_2\htdocs\qdsTeam\framework\web\CFormModel.php(39): ModelCode->init()
#6 C:\server\Apache2_2\htdocs\qdsTeam\framework\gii\CCodeGenerator.php(153): CFormModel->__construct()
#7 C:\server\Apache2_2\htdocs\qdsTeam\framework\gii\CCodeGenerator.php(63): CCodeGenerator->prepare()
#8 C:\server\Apache2_2\htdocs\qdsTeam\framework\web\actions\CInlineAction.php(49): CCodeGenerator->actionIndex()
#9 C:\server\Apache2_2\htdocs\qdsTeam\framework\web\CController.php(308): CInlineAction->runWithParams(Array)
#10 C:\server\Apache2_2\htdocs\qdsTeam\framework\web\CController.php(286): CController->runAction(Object(CInlineAction))
#11 C:\server\Apache2_2\htdocs\qdsTeam\framework\web\CController.php(265): CController->runActionWithFilters(Object(CInlineAction), Array)
#12 C:\server\Apache2_2\htdocs\qdsTeam\framework\web\CWebApplication.php(282): CController->run('index')
#13 C:\server\Apache2_2\htdocs\qdsTeam\framework\web\CWebApplication.php(141): CWebApplication->runController('gii/model/index')
#14 C:\server\Apache2_2\htdocs\qdsTeam\framework\base\CApplication.php(180): CWebApplication->processRequest()
#15 C:\server\Apache2_2\htdocs\qdsTeam\index.php(13): CApplication->run()
#16 {main}
REQUEST_URI=/qdsTeam/index.php/gii/model/index
HTTP_REFERER=http://localhost/qdsTeam/index.php/gii/module/index
---
2014/03/26 14:37:50 [error] [exception.CDbException] exception 'CDbException' with message 'CDbConnection failed to open the DB connection: could not find driver' in C:\server\Apache2_2\htdocs\qdsTeam\framework\db\CDbConnection.php:382
Stack trace:
#0 C:\server\Apache2_2\htdocs\qdsTeam\framework\db\CDbConnection.php(330): CDbConnection->open()
#1 C:\server\Apache2_2\htdocs\qdsTeam\framework\db\CDbConnection.php(308): CDbConnection->setActive(true)
#2 C:\server\Apache2_2\htdocs\qdsTeam\framework\base\CModule.php(387): CDbConnection->init()
#3 C:\server\Apache2_2\htdocs\qdsTeam\framework\base\CModule.php(103): CModule->getComponent('db')
#4 C:\server\Apache2_2\htdocs\qdsTeam\framework\gii\generators\model\ModelCode.php(60): CModule->__get('db')
#5 C:\server\Apache2_2\htdocs\qdsTeam\framework\web\CFormModel.php(39): ModelCode->init()
#6 C:\server\Apache2_2\htdocs\qdsTeam\framework\gii\CCodeGenerator.php(153): CFormModel->__construct()
#7 C:\server\Apache2_2\htdocs\qdsTeam\framework\gii\CCodeGenerator.php(63): CCodeGenerator->prepare()
#8 C:\server\Apache2_2\htdocs\qdsTeam\framework\web\actions\CInlineAction.php(49): CCodeGenerator->actionIndex()
#9 C:\server\Apache2_2\htdocs\qdsTeam\framework\web\CController.php(308): CInlineAction->runWithParams(Array)
#10 C:\server\Apache2_2\htdocs\qdsTeam\framework\web\CController.php(286): CController->runAction(Object(CInlineAction))
#11 C:\server\Apache2_2\htdocs\qdsTeam\framework\web\CController.php(265): CController->runActionWithFilters(Object(CInlineAction), Array)
#12 C:\server\Apache2_2\htdocs\qdsTeam\framework\web\CWebApplication.php(282): CController->run('index')
#13 C:\server\Apache2_2\htdocs\qdsTeam\framework\web\CWebApplication.php(141): CWebApplication->runController('gii/model/index')
#14 C:\server\Apache2_2\htdocs\qdsTeam\framework\base\CApplication.php(180): CWebApplication->processRequest()
#15 C:\server\Apache2_2\htdocs\qdsTeam\index.php(13): CApplication->run()
#16 {main}
REQUEST_URI=/qdsTeam/index.php/gii/model/index
HTTP_REFERER=http://localhost/qdsTeam/index.php/gii/module/index
---
2014/03/26 14:47:02 [error] [exception.CDbException] exception 'CDbException' with message 'CDbConnection failed to open the DB connection: could not find driver' in C:\server\Apache2_2\htdocs\qdsTeam\framework\db\CDbConnection.php:382
Stack trace:
#0 C:\server\Apache2_2\htdocs\qdsTeam\framework\db\CDbConnection.php(330): CDbConnection->open()
#1 C:\server\Apache2_2\htdocs\qdsTeam\framework\db\CDbConnection.php(308): CDbConnection->setActive(true)
#2 C:\server\Apache2_2\htdocs\qdsTeam\framework\base\CModule.php(387): CDbConnection->init()
#3 C:\server\Apache2_2\htdocs\qdsTeam\framework\base\CModule.php(103): CModule->getComponent('db')
#4 C:\server\Apache2_2\htdocs\qdsTeam\framework\gii\generators\model\ModelCode.php(60): CModule->__get('db')
#5 C:\server\Apache2_2\htdocs\qdsTeam\framework\web\CFormModel.php(39): ModelCode->init()
#6 C:\server\Apache2_2\htdocs\qdsTeam\framework\gii\CCodeGenerator.php(153): CFormModel->__construct()
#7 C:\server\Apache2_2\htdocs\qdsTeam\framework\gii\CCodeGenerator.php(63): CCodeGenerator->prepare()
#8 C:\server\Apache2_2\htdocs\qdsTeam\framework\web\actions\CInlineAction.php(49): CCodeGenerator->actionIndex()
#9 C:\server\Apache2_2\htdocs\qdsTeam\framework\web\CController.php(308): CInlineAction->runWithParams(Array)
#10 C:\server\Apache2_2\htdocs\qdsTeam\framework\web\CController.php(286): CController->runAction(Object(CInlineAction))
#11 C:\server\Apache2_2\htdocs\qdsTeam\framework\web\CController.php(265): CController->runActionWithFilters(Object(CInlineAction), Array)
#12 C:\server\Apache2_2\htdocs\qdsTeam\framework\web\CWebApplication.php(282): CController->run('index')
#13 C:\server\Apache2_2\htdocs\qdsTeam\framework\web\CWebApplication.php(141): CWebApplication->runController('gii/model/index')
#14 C:\server\Apache2_2\htdocs\qdsTeam\framework\base\CApplication.php(180): CWebApplication->processRequest()
#15 C:\server\Apache2_2\htdocs\qdsTeam\index.php(13): CApplication->run()
#16 {main}
REQUEST_URI=/qdsTeam/index.php/gii/model/index
HTTP_REFERER=http://localhost/qdsTeam/index.php/gii/module/index
---
2014/03/26 15:07:54 [error] [exception.CDbException] exception 'CDbException' with message 'CDbConnection failed to open the DB connection: could not find driver' in C:\server\Apache2_2\htdocs\qdsTeam\framework\db\CDbConnection.php:382
Stack trace:
#0 C:\server\Apache2_2\htdocs\qdsTeam\framework\db\CDbConnection.php(330): CDbConnection->open()
#1 C:\server\Apache2_2\htdocs\qdsTeam\framework\db\CDbConnection.php(308): CDbConnection->setActive(true)
#2 C:\server\Apache2_2\htdocs\qdsTeam\framework\base\CModule.php(387): CDbConnection->init()
#3 C:\server\Apache2_2\htdocs\qdsTeam\framework\base\CModule.php(103): CModule->getComponent('db')
#4 C:\server\Apache2_2\htdocs\qdsTeam\framework\gii\generators\model\ModelCode.php(60): CModule->__get('db')
#5 C:\server\Apache2_2\htdocs\qdsTeam\framework\web\CFormModel.php(39): ModelCode->init()
#6 C:\server\Apache2_2\htdocs\qdsTeam\framework\gii\CCodeGenerator.php(153): CFormModel->__construct()
#7 C:\server\Apache2_2\htdocs\qdsTeam\framework\gii\CCodeGenerator.php(63): CCodeGenerator->prepare()
#8 C:\server\Apache2_2\htdocs\qdsTeam\framework\web\actions\CInlineAction.php(49): CCodeGenerator->actionIndex()
#9 C:\server\Apache2_2\htdocs\qdsTeam\framework\web\CController.php(308): CInlineAction->runWithParams(Array)
#10 C:\server\Apache2_2\htdocs\qdsTeam\framework\web\CController.php(286): CController->runAction(Object(CInlineAction))
#11 C:\server\Apache2_2\htdocs\qdsTeam\framework\web\CController.php(265): CController->runActionWithFilters(Object(CInlineAction), Array)
#12 C:\server\Apache2_2\htdocs\qdsTeam\framework\web\CWebApplication.php(282): CController->run('index')
#13 C:\server\Apache2_2\htdocs\qdsTeam\framework\web\CWebApplication.php(141): CWebApplication->runController('gii/model/index')
#14 C:\server\Apache2_2\htdocs\qdsTeam\framework\base\CApplication.php(180): CWebApplication->processRequest()
#15 C:\server\Apache2_2\htdocs\qdsTeam\index.php(13): CApplication->run()
#16 {main}
REQUEST_URI=/qdsTeam/index.php/gii/model/index
HTTP_REFERER=http://localhost/qdsTeam/index.php/gii/module/index
---
2014/03/26 15:22:07 [error] [exception.CHttpException.404] exception 'CHttpException' with message 'Unable to resolve the request "user/create".' in C:\server\Apache2_2\htdocs\qdsTeam\framework\web\CWebApplication.php:286
Stack trace:
#0 C:\server\Apache2_2\htdocs\qdsTeam\framework\web\CWebApplication.php(141): CWebApplication->runController('user/create')
#1 C:\server\Apache2_2\htdocs\qdsTeam\framework\base\CApplication.php(180): CWebApplication->processRequest()
#2 C:\server\Apache2_2\htdocs\qdsTeam\index.php(13): CApplication->run()
#3 {main}
REQUEST_URI=/qdsTeam/index.php/user/create
HTTP_REFERER=http://localhost/qdsTeam/index.php
---
2014/03/26 15:22:09 [error] [exception.CHttpException.404] exception 'CHttpException' with message 'Unable to resolve the request "user/create".' in C:\server\Apache2_2\htdocs\qdsTeam\framework\web\CWebApplication.php:286
Stack trace:
#0 C:\server\Apache2_2\htdocs\qdsTeam\framework\web\CWebApplication.php(141): CWebApplication->runController('user/create')
#1 C:\server\Apache2_2\htdocs\qdsTeam\framework\base\CApplication.php(180): CWebApplication->processRequest()
#2 C:\server\Apache2_2\htdocs\qdsTeam\index.php(13): CApplication->run()
#3 {main}
REQUEST_URI=/qdsTeam/index.php/user/create
HTTP_REFERER=http://localhost/qdsTeam/index.php
---
2014/03/26 16:05:35 [error] [exception.CDbException] exception 'CDbException' with message 'CDbConnection failed to open the DB connection: could not find driver' in C:\server\Apache2_2\htdocs\qdsTeam\framework\db\CDbConnection.php:382
Stack trace:
#0 C:\server\Apache2_2\htdocs\qdsTeam\framework\db\CDbConnection.php(330): CDbConnection->open()
#1 C:\server\Apache2_2\htdocs\qdsTeam\framework\db\CDbConnection.php(308): CDbConnection->setActive(true)
#2 C:\server\Apache2_2\htdocs\qdsTeam\framework\base\CModule.php(387): CDbConnection->init()
#3 C:\server\Apache2_2\htdocs\qdsTeam\framework\base\CModule.php(103): CModule->getComponent('db')
#4 C:\server\Apache2_2\htdocs\qdsTeam\framework\gii\generators\model\ModelCode.php(60): CModule->__get('db')
#5 C:\server\Apache2_2\htdocs\qdsTeam\framework\web\CFormModel.php(39): ModelCode->init()
#6 C:\server\Apache2_2\htdocs\qdsTeam\framework\gii\CCodeGenerator.php(153): CFormModel->__construct()
#7 C:\server\Apache2_2\htdocs\qdsTeam\framework\gii\CCodeGenerator.php(63): CCodeGenerator->prepare()
#8 C:\server\Apache2_2\htdocs\qdsTeam\framework\web\actions\CInlineAction.php(49): CCodeGenerator->actionIndex()
#9 C:\server\Apache2_2\htdocs\qdsTeam\framework\web\CController.php(308): CInlineAction->runWithParams(Array)
#10 C:\server\Apache2_2\htdocs\qdsTeam\framework\web\CController.php(286): CController->runAction(Object(CInlineAction))
#11 C:\server\Apache2_2\htdocs\qdsTeam\framework\web\CController.php(265): CController->runActionWithFilters(Object(CInlineAction), Array)
#12 C:\server\Apache2_2\htdocs\qdsTeam\framework\web\CWebApplication.php(282): CController->run('index')
#13 C:\server\Apache2_2\htdocs\qdsTeam\framework\web\CWebApplication.php(141): CWebApplication->runController('gii/model/index')
#14 C:\server\Apache2_2\htdocs\qdsTeam\framework\base\CApplication.php(180): CWebApplication->processRequest()
#15 C:\server\Apache2_2\htdocs\qdsTeam\index.php(13): CApplication->run()
#16 {main}
REQUEST_URI=/qdsTeam/index.php/gii/model/index
HTTP_REFERER=http://localhost/qdsTeam/index.php/gii/default/index
---
2014/03/26 21:08:17 [error] [exception.CDbException] exception 'CDbException' with message 'CDbConnection failed to open the DB connection: could not find driver' in C:\server\Apache2_2\htdocs\qdsTeam\framework\db\CDbConnection.php:382
Stack trace:
#0 C:\server\Apache2_2\htdocs\qdsTeam\framework\db\CDbConnection.php(330): CDbConnection->open()
#1 C:\server\Apache2_2\htdocs\qdsTeam\framework\db\CDbConnection.php(308): CDbConnection->setActive(true)
#2 C:\server\Apache2_2\htdocs\qdsTeam\framework\base\CModule.php(387): CDbConnection->init()
#3 C:\server\Apache2_2\htdocs\qdsTeam\framework\base\CModule.php(103): CModule->getComponent('db')
#4 C:\server\Apache2_2\htdocs\qdsTeam\framework\gii\generators\model\ModelCode.php(60): CModule->__get('db')
#5 C:\server\Apache2_2\htdocs\qdsTeam\framework\web\CFormModel.php(39): ModelCode->init()
#6 C:\server\Apache2_2\htdocs\qdsTeam\framework\gii\CCodeGenerator.php(153): CFormModel->__construct()
#7 C:\server\Apache2_2\htdocs\qdsTeam\framework\gii\CCodeGenerator.php(63): CCodeGenerator->prepare()
#8 C:\server\Apache2_2\htdocs\qdsTeam\framework\web\actions\CInlineAction.php(49): CCodeGenerator->actionIndex()
#9 C:\server\Apache2_2\htdocs\qdsTeam\framework\web\CController.php(308): CInlineAction->runWithParams(Array)
#10 C:\server\Apache2_2\htdocs\qdsTeam\framework\web\CController.php(286): CController->runAction(Object(CInlineAction))
#11 C:\server\Apache2_2\htdocs\qdsTeam\framework\web\CController.php(265): CController->runActionWithFilters(Object(CInlineAction), Array)
#12 C:\server\Apache2_2\htdocs\qdsTeam\framework\web\CWebApplication.php(282): CController->run('index')
#13 C:\server\Apache2_2\htdocs\qdsTeam\framework\web\CWebApplication.php(141): CWebApplication->runController('gii/model/index')
#14 C:\server\Apache2_2\htdocs\qdsTeam\framework\base\CApplication.php(180): CWebApplication->processRequest()
#15 C:\server\Apache2_2\htdocs\qdsTeam\index.php(13): CApplication->run()
#16 {main}
REQUEST_URI=/qdsTeam/index.php/gii/model/index
HTTP_REFERER=http://localhost/qdsTeam/index.php/gii/default/index
---
2014/03/26 21:10:53 [error] [exception.CDbException] exception 'CDbException' with message 'CDbConnection failed to open the DB connection: could not find driver' in C:\server\Apache2_2\htdocs\qdsTeam\framework\db\CDbConnection.php:382
Stack trace:
#0 C:\server\Apache2_2\htdocs\qdsTeam\framework\db\CDbConnection.php(330): CDbConnection->open()
#1 C:\server\Apache2_2\htdocs\qdsTeam\framework\db\CDbConnection.php(308): CDbConnection->setActive(true)
#2 C:\server\Apache2_2\htdocs\qdsTeam\framework\base\CModule.php(387): CDbConnection->init()
#3 C:\server\Apache2_2\htdocs\qdsTeam\framework\base\CModule.php(103): CModule->getComponent('db')
#4 C:\server\Apache2_2\htdocs\qdsTeam\framework\gii\generators\model\ModelCode.php(60): CModule->__get('db')
#5 C:\server\Apache2_2\htdocs\qdsTeam\framework\web\CFormModel.php(39): ModelCode->init()
#6 C:\server\Apache2_2\htdocs\qdsTeam\framework\gii\CCodeGenerator.php(153): CFormModel->__construct()
#7 C:\server\Apache2_2\htdocs\qdsTeam\framework\gii\CCodeGenerator.php(63): CCodeGenerator->prepare()
#8 C:\server\Apache2_2\htdocs\qdsTeam\framework\web\actions\CInlineAction.php(49): CCodeGenerator->actionIndex()
#9 C:\server\Apache2_2\htdocs\qdsTeam\framework\web\CController.php(308): CInlineAction->runWithParams(Array)
#10 C:\server\Apache2_2\htdocs\qdsTeam\framework\web\CController.php(286): CController->runAction(Object(CInlineAction))
#11 C:\server\Apache2_2\htdocs\qdsTeam\framework\web\CController.php(265): CController->runActionWithFilters(Object(CInlineAction), Array)
#12 C:\server\Apache2_2\htdocs\qdsTeam\framework\web\CWebApplication.php(282): CController->run('index')
#13 C:\server\Apache2_2\htdocs\qdsTeam\framework\web\CWebApplication.php(141): CWebApplication->runController('gii/model/index')
#14 C:\server\Apache2_2\htdocs\qdsTeam\framework\base\CApplication.php(180): CWebApplication->processRequest()
#15 C:\server\Apache2_2\htdocs\qdsTeam\index.php(13): CApplication->run()
#16 {main}
REQUEST_URI=/qdsTeam/index.php/gii/model/index
HTTP_REFERER=http://localhost/qdsTeam/index.php/gii/default/index
---
2014/03/26 21:12:37 [error] [exception.CDbException] exception 'CDbException' with message 'CDbConnection failed to open the DB connection: could not find driver' in C:\server\Apache2_2\htdocs\qdsTeam\framework\db\CDbConnection.php:382
Stack trace:
#0 C:\server\Apache2_2\htdocs\qdsTeam\framework\db\CDbConnection.php(330): CDbConnection->open()
#1 C:\server\Apache2_2\htdocs\qdsTeam\framework\db\CDbConnection.php(308): CDbConnection->setActive(true)
#2 C:\server\Apache2_2\htdocs\qdsTeam\framework\base\CModule.php(387): CDbConnection->init()
#3 C:\server\Apache2_2\htdocs\qdsTeam\framework\base\CModule.php(103): CModule->getComponent('db')
#4 C:\server\Apache2_2\htdocs\qdsTeam\framework\gii\generators\model\ModelCode.php(60): CModule->__get('db')
#5 C:\server\Apache2_2\htdocs\qdsTeam\framework\web\CFormModel.php(39): ModelCode->init()
#6 C:\server\Apache2_2\htdocs\qdsTeam\framework\gii\CCodeGenerator.php(153): CFormModel->__construct()
#7 C:\server\Apache2_2\htdocs\qdsTeam\framework\gii\CCodeGenerator.php(63): CCodeGenerator->prepare()
#8 C:\server\Apache2_2\htdocs\qdsTeam\framework\web\actions\CInlineAction.php(49): CCodeGenerator->actionIndex()
#9 C:\server\Apache2_2\htdocs\qdsTeam\framework\web\CController.php(308): CInlineAction->runWithParams(Array)
#10 C:\server\Apache2_2\htdocs\qdsTeam\framework\web\CController.php(286): CController->runAction(Object(CInlineAction))
#11 C:\server\Apache2_2\htdocs\qdsTeam\framework\web\CController.php(265): CController->runActionWithFilters(Object(CInlineAction), Array)
#12 C:\server\Apache2_2\htdocs\qdsTeam\framework\web\CWebApplication.php(282): CController->run('index')
#13 C:\server\Apache2_2\htdocs\qdsTeam\framework\web\CWebApplication.php(141): CWebApplication->runController('gii/model/index')
#14 C:\server\Apache2_2\htdocs\qdsTeam\framework\base\CApplication.php(180): CWebApplication->processRequest()
#15 C:\server\Apache2_2\htdocs\qdsTeam\index.php(13): CApplication->run()
#16 {main}
REQUEST_URI=/qdsTeam/index.php/gii/model/index
HTTP_REFERER=http://localhost/qdsTeam/index.php/gii/default/index
---
2014/03/26 21:28:51 [error] [exception.CDbException] exception 'CDbException' with message 'CDbConnection failed to open the DB connection: could not find driver' in C:\server\Apache2_2\htdocs\qdsTeam\framework\db\CDbConnection.php:382
Stack trace:
#0 C:\server\Apache2_2\htdocs\qdsTeam\framework\db\CDbConnection.php(330): CDbConnection->open()
#1 C:\server\Apache2_2\htdocs\qdsTeam\framework\db\CDbConnection.php(308): CDbConnection->setActive(true)
#2 C:\server\Apache2_2\htdocs\qdsTeam\framework\base\CModule.php(387): CDbConnection->init()
#3 C:\server\Apache2_2\htdocs\qdsTeam\framework\base\CModule.php(103): CModule->getComponent('db')
#4 C:\server\Apache2_2\htdocs\qdsTeam\framework\gii\generators\model\ModelCode.php(60): CModule->__get('db')
#5 C:\server\Apache2_2\htdocs\qdsTeam\framework\web\CFormModel.php(39): ModelCode->init()
#6 C:\server\Apache2_2\htdocs\qdsTeam\framework\gii\CCodeGenerator.php(153): CFormModel->__construct()
#7 C:\server\Apache2_2\htdocs\qdsTeam\framework\gii\CCodeGenerator.php(63): CCodeGenerator->prepare()
#8 C:\server\Apache2_2\htdocs\qdsTeam\framework\web\actions\CInlineAction.php(49): CCodeGenerator->actionIndex()
#9 C:\server\Apache2_2\htdocs\qdsTeam\framework\web\CController.php(308): CInlineAction->runWithParams(Array)
#10 C:\server\Apache2_2\htdocs\qdsTeam\framework\web\CController.php(286): CController->runAction(Object(CInlineAction))
#11 C:\server\Apache2_2\htdocs\qdsTeam\framework\web\CController.php(265): CController->runActionWithFilters(Object(CInlineAction), Array)
#12 C:\server\Apache2_2\htdocs\qdsTeam\framework\web\CWebApplication.php(282): CController->run('index')
#13 C:\server\Apache2_2\htdocs\qdsTeam\framework\web\CWebApplication.php(141): CWebApplication->runController('gii/model/index')
#14 C:\server\Apache2_2\htdocs\qdsTeam\framework\base\CApplication.php(180): CWebApplication->processRequest()
#15 C:\server\Apache2_2\htdocs\qdsTeam\index.php(13): CApplication->run()
#16 {main}
REQUEST_URI=/qdsTeam/index.php/gii/model/index
HTTP_REFERER=http://localhost/qdsTeam/index.php/gii/default/index
---
2014/03/26 21:29:00 [error] [exception.CDbException] exception 'CDbException' with message 'CDbConnection failed to open the DB connection: could not find driver' in C:\server\Apache2_2\htdocs\qdsTeam\framework\db\CDbConnection.php:382
Stack trace:
#0 C:\server\Apache2_2\htdocs\qdsTeam\framework\db\CDbConnection.php(330): CDbConnection->open()
#1 C:\server\Apache2_2\htdocs\qdsTeam\framework\db\CDbConnection.php(308): CDbConnection->setActive(true)
#2 C:\server\Apache2_2\htdocs\qdsTeam\framework\base\CModule.php(387): CDbConnection->init()
#3 C:\server\Apache2_2\htdocs\qdsTeam\framework\base\CModule.php(103): CModule->getComponent('db')
#4 C:\server\Apache2_2\htdocs\qdsTeam\framework\gii\generators\model\ModelCode.php(60): CModule->__get('db')
#5 C:\server\Apache2_2\htdocs\qdsTeam\framework\web\CFormModel.php(39): ModelCode->init()
#6 C:\server\Apache2_2\htdocs\qdsTeam\framework\gii\CCodeGenerator.php(153): CFormModel->__construct()
#7 C:\server\Apache2_2\htdocs\qdsTeam\framework\gii\CCodeGenerator.php(63): CCodeGenerator->prepare()
#8 C:\server\Apache2_2\htdocs\qdsTeam\framework\web\actions\CInlineAction.php(49): CCodeGenerator->actionIndex()
#9 C:\server\Apache2_2\htdocs\qdsTeam\framework\web\CController.php(308): CInlineAction->runWithParams(Array)
#10 C:\server\Apache2_2\htdocs\qdsTeam\framework\web\CController.php(286): CController->runAction(Object(CInlineAction))
#11 C:\server\Apache2_2\htdocs\qdsTeam\framework\web\CController.php(265): CController->runActionWithFilters(Object(CInlineAction), Array)
#12 C:\server\Apache2_2\htdocs\qdsTeam\framework\web\CWebApplication.php(282): CController->run('index')
#13 C:\server\Apache2_2\htdocs\qdsTeam\framework\web\CWebApplication.php(141): CWebApplication->runController('gii/model/index')
#14 C:\server\Apache2_2\htdocs\qdsTeam\framework\base\CApplication.php(180): CWebApplication->processRequest()
#15 C:\server\Apache2_2\htdocs\qdsTeam\index.php(13): CApplication->run()
#16 {main}
REQUEST_URI=/qdsTeam/index.php/gii/model/index
HTTP_REFERER=http://localhost/qdsTeam/index.php/gii
---
2014/03/26 21:48:03 [error] [exception.CDbException] exception 'CDbException' with message 'CDbConnection failed to open the DB connection: could not find driver' in C:\server\Apache2_2\htdocs\qdsTeam\framework\db\CDbConnection.php:382
Stack trace:
#0 C:\server\Apache2_2\htdocs\qdsTeam\framework\db\CDbConnection.php(330): CDbConnection->open()
#1 C:\server\Apache2_2\htdocs\qdsTeam\framework\db\CDbConnection.php(308): CDbConnection->setActive(true)
#2 C:\server\Apache2_2\htdocs\qdsTeam\framework\base\CModule.php(387): CDbConnection->init()
#3 C:\server\Apache2_2\htdocs\qdsTeam\framework\base\CModule.php(103): CModule->getComponent('db')
#4 C:\server\Apache2_2\htdocs\qdsTeam\framework\gii\generators\model\ModelCode.php(60): CModule->__get('db')
#5 C:\server\Apache2_2\htdocs\qdsTeam\framework\web\CFormModel.php(39): ModelCode->init()
#6 C:\server\Apache2_2\htdocs\qdsTeam\framework\gii\CCodeGenerator.php(153): CFormModel->__construct()
#7 C:\server\Apache2_2\htdocs\qdsTeam\framework\gii\CCodeGenerator.php(63): CCodeGenerator->prepare()
#8 C:\server\Apache2_2\htdocs\qdsTeam\framework\web\actions\CInlineAction.php(49): CCodeGenerator->actionIndex()
#9 C:\server\Apache2_2\htdocs\qdsTeam\framework\web\CController.php(308): CInlineAction->runWithParams(Array)
#10 C:\server\Apache2_2\htdocs\qdsTeam\framework\web\CController.php(286): CController->runAction(Object(CInlineAction))
#11 C:\server\Apache2_2\htdocs\qdsTeam\framework\web\CController.php(265): CController->runActionWithFilters(Object(CInlineAction), Array)
#12 C:\server\Apache2_2\htdocs\qdsTeam\framework\web\CWebApplication.php(282): CController->run('index')
#13 C:\server\Apache2_2\htdocs\qdsTeam\framework\web\CWebApplication.php(141): CWebApplication->runController('gii/model/index')
#14 C:\server\Apache2_2\htdocs\qdsTeam\framework\base\CApplication.php(180): CWebApplication->processRequest()
#15 C:\server\Apache2_2\htdocs\qdsTeam\index.php(13): CApplication->run()
#16 {main}
REQUEST_URI=/qdsTeam/index.php/gii/model/index
HTTP_REFERER=http://localhost/qdsTeam/index.php/gii
---
2014/03/26 21:50:08 [error] [exception.CDbException] exception 'CDbException' with message 'CDbConnection failed to open the DB connection: could not find driver' in C:\server\Apache2_2\htdocs\qdsTeam\framework\db\CDbConnection.php:382
Stack trace:
#0 C:\server\Apache2_2\htdocs\qdsTeam\framework\db\CDbConnection.php(330): CDbConnection->open()
#1 C:\server\Apache2_2\htdocs\qdsTeam\framework\db\CDbConnection.php(308): CDbConnection->setActive(true)
#2 C:\server\Apache2_2\htdocs\qdsTeam\framework\base\CModule.php(387): CDbConnection->init()
#3 C:\server\Apache2_2\htdocs\qdsTeam\framework\base\CModule.php(103): CModule->getComponent('db')
#4 C:\server\Apache2_2\htdocs\qdsTeam\framework\gii\generators\model\ModelCode.php(60): CModule->__get('db')
#5 C:\server\Apache2_2\htdocs\qdsTeam\framework\web\CFormModel.php(39): ModelCode->init()
#6 C:\server\Apache2_2\htdocs\qdsTeam\framework\gii\CCodeGenerator.php(153): CFormModel->__construct()
#7 C:\server\Apache2_2\htdocs\qdsTeam\framework\gii\CCodeGenerator.php(63): CCodeGenerator->prepare()
#8 C:\server\Apache2_2\htdocs\qdsTeam\framework\web\actions\CInlineAction.php(49): CCodeGenerator->actionIndex()
#9 C:\server\Apache2_2\htdocs\qdsTeam\framework\web\CController.php(308): CInlineAction->runWithParams(Array)
#10 C:\server\Apache2_2\htdocs\qdsTeam\framework\web\CController.php(286): CController->runAction(Object(CInlineAction))
#11 C:\server\Apache2_2\htdocs\qdsTeam\framework\web\CController.php(265): CController->runActionWithFilters(Object(CInlineAction), Array)
#12 C:\server\Apache2_2\htdocs\qdsTeam\framework\web\CWebApplication.php(282): CController->run('index')
#13 C:\server\Apache2_2\htdocs\qdsTeam\framework\web\CWebApplication.php(141): CWebApplication->runController('gii/model/index')
#14 C:\server\Apache2_2\htdocs\qdsTeam\framework\base\CApplication.php(180): CWebApplication->processRequest()
#15 C:\server\Apache2_2\htdocs\qdsTeam\index.php(13): CApplication->run()
#16 {main}
REQUEST_URI=/qdsTeam/index.php/gii/model/index
HTTP_REFERER=http://localhost/qdsTeam/index.php/gii
---
2014/03/26 21:55:21 [error] [exception.CDbException] exception 'CDbException' with message 'CDbConnection failed to open the DB connection: could not find driver' in C:\server\Apache2_2\htdocs\qdsTeam\framework\db\CDbConnection.php:382
Stack trace:
#0 C:\server\Apache2_2\htdocs\qdsTeam\framework\db\CDbConnection.php(330): CDbConnection->open()
#1 C:\server\Apache2_2\htdocs\qdsTeam\framework\db\CDbConnection.php(308): CDbConnection->setActive(true)
#2 C:\server\Apache2_2\htdocs\qdsTeam\framework\base\CModule.php(387): CDbConnection->init()
#3 C:\server\Apache2_2\htdocs\qdsTeam\framework\base\CModule.php(103): CModule->getComponent('db')
#4 C:\server\Apache2_2\htdocs\qdsTeam\framework\gii\generators\model\ModelCode.php(60): CModule->__get('db')
#5 C:\server\Apache2_2\htdocs\qdsTeam\framework\web\CFormModel.php(39): ModelCode->init()
#6 C:\server\Apache2_2\htdocs\qdsTeam\framework\gii\CCodeGenerator.php(153): CFormModel->__construct()
#7 C:\server\Apache2_2\htdocs\qdsTeam\framework\gii\CCodeGenerator.php(63): CCodeGenerator->prepare()
#8 C:\server\Apache2_2\htdocs\qdsTeam\framework\web\actions\CInlineAction.php(49): CCodeGenerator->actionIndex()
#9 C:\server\Apache2_2\htdocs\qdsTeam\framework\web\CController.php(308): CInlineAction->runWithParams(Array)
#10 C:\server\Apache2_2\htdocs\qdsTeam\framework\web\CController.php(286): CController->runAction(Object(CInlineAction))
#11 C:\server\Apache2_2\htdocs\qdsTeam\framework\web\CController.php(265): CController->runActionWithFilters(Object(CInlineAction), Array)
#12 C:\server\Apache2_2\htdocs\qdsTeam\framework\web\CWebApplication.php(282): CController->run('index')
#13 C:\server\Apache2_2\htdocs\qdsTeam\framework\web\CWebApplication.php(141): CWebApplication->runController('gii/model/index')
#14 C:\server\Apache2_2\htdocs\qdsTeam\framework\base\CApplication.php(180): CWebApplication->processRequest()
#15 C:\server\Apache2_2\htdocs\qdsTeam\index.php(13): CApplication->run()
#16 {main}
REQUEST_URI=/qdsTeam/index.php/gii/model/index
HTTP_REFERER=http://localhost/qdsTeam/index.php/gii
---
2014/03/26 22:14:46 [error] [exception.CDbException] exception 'CDbException' with message 'CDbConnection failed to open the DB connection: could not find driver' in C:\server\Apache2_2\htdocs\qdsTeam\framework\db\CDbConnection.php:382
Stack trace:
#0 C:\server\Apache2_2\htdocs\qdsTeam\framework\db\CDbConnection.php(330): CDbConnection->open()
#1 C:\server\Apache2_2\htdocs\qdsTeam\framework\db\CDbConnection.php(308): CDbConnection->setActive(true)
#2 C:\server\Apache2_2\htdocs\qdsTeam\framework\base\CModule.php(387): CDbConnection->init()
#3 C:\server\Apache2_2\htdocs\qdsTeam\framework\base\CModule.php(103): CModule->getComponent('db')
#4 C:\server\Apache2_2\htdocs\qdsTeam\framework\gii\generators\model\ModelCode.php(60): CModule->__get('db')
#5 C:\server\Apache2_2\htdocs\qdsTeam\framework\web\CFormModel.php(39): ModelCode->init()
#6 C:\server\Apache2_2\htdocs\qdsTeam\framework\gii\CCodeGenerator.php(153): CFormModel->__construct()
#7 C:\server\Apache2_2\htdocs\qdsTeam\framework\gii\CCodeGenerator.php(63): CCodeGenerator->prepare()
#8 C:\server\Apache2_2\htdocs\qdsTeam\framework\web\actions\CInlineAction.php(49): CCodeGenerator->actionIndex()
#9 C:\server\Apache2_2\htdocs\qdsTeam\framework\web\CController.php(308): CInlineAction->runWithParams(Array)
#10 C:\server\Apache2_2\htdocs\qdsTeam\framework\web\CController.php(286): CController->runAction(Object(CInlineAction))
#11 C:\server\Apache2_2\htdocs\qdsTeam\framework\web\CController.php(265): CController->runActionWithFilters(Object(CInlineAction), Array)
#12 C:\server\Apache2_2\htdocs\qdsTeam\framework\web\CWebApplication.php(282): CController->run('index')
#13 C:\server\Apache2_2\htdocs\qdsTeam\framework\web\CWebApplication.php(141): CWebApplication->runController('gii/model/index')
#14 C:\server\Apache2_2\htdocs\qdsTeam\framework\base\CApplication.php(180): CWebApplication->processRequest()
#15 C:\server\Apache2_2\htdocs\qdsTeam\index.php(13): CApplication->run()
#16 {main}
REQUEST_URI=/qdsTeam/index.php/gii/model/index
HTTP_REFERER=http://localhost/qdsTeam/index.php/gii
---
